# JRE version: OpenJDK Runtime Environment (8.0_452-b11) (build 1.8.0_452-b11)
# Java VM: OpenJDK 64-Bit Server VM (25.452-b11 mixed mode windows-amd64 compressed oops)
Heap:
 PSYoungGen      total 1053184K, used 722005K [0x000000076c300000, 0x00000007b9e80000, 0x00000007c0000000)
  eden space 1032704K, 67% used [0x000000076c300000,0x000000079701eba0,0x00000007ab380000)
  from space 20480K, 99% used [0x00000007b8a80000,0x00000007b9e768f8,0x00000007b9e80000)
  to   space 104448K, 0% used [0x00000007ad280000,0x00000007ad280000,0x00000007b3880000)
 ParOldGen       total 442368K, used 281761K [0x00000006c4800000, 0x00000006df800000, 0x000000076c300000)
  object space 442368K, 63% used [0x00000006c4800000,0x00000006d5b28648,0x00000006df800000)
 Metaspace       used 66806K, capacity 67360K, committed 68096K, reserved 1107968K
  class space    used 8941K, capacity 9119K, committed 9216K, reserved 1048576K
GC Heap History (10 events):
Event: 18.769 GC heap before
{Heap before GC invocations=18 (full 3):
 PSYoungGen      total 747008K, used 701441K [0x000000076c300000, 0x00000007a0580000, 0x00000007c0000000)
  eden space 646656K, 100% used [0x000000076c300000,0x0000000793a80000,0x0000000793a80000)
  from space 100352K, 54% used [0x000000079a380000,0x000000079d900778,0x00000007a0580000)
  to   space 103936K, 0% used [0x0000000793a80000,0x0000000793a80000,0x000000079a000000)
 ParOldGen       total 221184K, used 139469K [0x00000006c4800000, 0x00000006d2000000, 0x000000076c300000)
  object space 221184K, 63% used [0x00000006c4800000,0x00000006cd033420,0x00000006d2000000)
 Metaspace       used 46931K, capacity 47293K, committed 47744K, reserved 1091584K
  class space    used 6095K, capacity 6209K, committed 6272K, reserved 1048576K
Event: 18.856 GC heap after
Heap after GC invocations=18 (full 3):
 PSYoungGen      total 750592K, used 42025K [0x000000076c300000, 0x00000007ace80000, 0x00000007c0000000)
  eden space 646656K, 0% used [0x000000076c300000,0x000000076c300000,0x0000000793a80000)
  from space 103936K, 40% used [0x0000000793a80000,0x000000079638a7d0,0x000000079a000000)
  to   space 97792K, 0% used [0x00000007a6f00000,0x00000007a6f00000,0x00000007ace80000)
 ParOldGen       total 221184K, used 173587K [0x00000006c4800000, 0x00000006d2000000, 0x000000076c300000)
  object space 221184K, 78% used [0x00000006c4800000,0x00000006cf184f68,0x00000006d2000000)
 Metaspace       used 46931K, capacity 47293K, committed 47744K, reserved 1091584K
  class space    used 6095K, capacity 6209K, committed 6272K, reserved 1048576K
}
Event: 21.780 GC heap before
{Heap before GC invocations=19 (full 3):
 PSYoungGen      total 750592K, used 688681K [0x000000076c300000, 0x00000007ace80000, 0x00000007c0000000)
  eden space 646656K, 100% used [0x000000076c300000,0x0000000793a80000,0x0000000793a80000)
  from space 103936K, 40% used [0x0000000793a80000,0x000000079638a7d0,0x000000079a000000)
  to   space 97792K, 0% used [0x00000007a6f00000,0x00000007a6f00000,0x00000007ace80000)
 ParOldGen       total 221184K, used 173587K [0x00000006c4800000, 0x00000006d2000000, 0x000000076c300000)
  object space 221184K, 78% used [0x00000006c4800000,0x00000006cf184f68,0x00000006d2000000)
 Metaspace       used 50025K, capacity 50424K, committed 50944K, reserved 1093632K
  class space    used 6438K, capacity 6553K, committed 6656K, reserved 1048576K
Event: 22.197 GC heap after
Heap after GC invocations=19 (full 3):
 PSYoungGen      total 955392K, used 75564K [0x000000076c300000, 0x00000007af880000, 0x00000007c0000000)
  eden space 857600K, 0% used [0x000000076c300000,0x000000076c300000,0x00000007a0880000)
  from space 97792K, 77% used [0x00000007a6f00000,0x00000007ab8cb258,0x00000007ace80000)
  to   space 104960K, 0% used [0x00000007a0880000,0x00000007a0880000,0x00000007a6f00000)
 ParOldGen       total 221184K, used 206305K [0x00000006c4800000, 0x00000006d2000000, 0x000000076c300000)
  object space 221184K, 93% used [0x00000006c4800000,0x00000006d11786f0,0x00000006d2000000)
 Metaspace       used 50025K, capacity 50424K, committed 50944K, reserved 1093632K
  class space    used 6438K, capacity 6553K, committed 6656K, reserved 1048576K
}
Event: 22.197 GC heap before
{Heap before GC invocations=20 (full 4):
 PSYoungGen      total 955392K, used 75564K [0x000000076c300000, 0x00000007af880000, 0x00000007c0000000)
  eden space 857600K, 0% used [0x000000076c300000,0x000000076c300000,0x00000007a0880000)
  from space 97792K, 77% used [0x00000007a6f00000,0x00000007ab8cb258,0x00000007ace80000)
  to   space 104960K, 0% used [0x00000007a0880000,0x00000007a0880000,0x00000007a6f00000)
 ParOldGen       total 221184K, used 206305K [0x00000006c4800000, 0x00000006d2000000, 0x000000076c300000)
  object space 221184K, 93% used [0x00000006c4800000,0x00000006d11786f0,0x00000006d2000000)
 Metaspace       used 50025K, capacity 50424K, committed 50944K, reserved 1093632K
  class space    used 6438K, capacity 6553K, committed 6656K, reserved 1048576K
Event: 22.874 GC heap after
Heap after GC invocations=20 (full 4):
 PSYoungGen      total 955392K, used 0K [0x000000076c300000, 0x00000007af880000, 0x00000007c0000000)
  eden space 857600K, 0% used [0x000000076c300000,0x000000076c300000,0x00000007a0880000)
  from space 97792K, 0% used [0x00000007a6f00000,0x00000007a6f00000,0x00000007ace80000)
  to   space 104960K, 0% used [0x00000007a0880000,0x00000007a0880000,0x00000007a6f00000)
 ParOldGen       total 442368K, used 220365K [0x00000006c4800000, 0x00000006df800000, 0x000000076c300000)
  object space 442368K, 49% used [0x00000006c4800000,0x00000006d1f335a0,0x00000006df800000)
 Metaspace       used 50025K, capacity 50424K, committed 50944K, reserved 1093632K
  class space    used 6438K, capacity 6553K, committed 6656K, reserved 1048576K
}
Event: 25.981 GC heap before
{Heap before GC invocations=21 (full 4):
 PSYoungGen      total 955392K, used 857600K [0x000000076c300000, 0x00000007af880000, 0x00000007c0000000)
  eden space 857600K, 100% used [0x000000076c300000,0x00000007a0880000,0x00000007a0880000)
  from space 97792K, 0% used [0x00000007a6f00000,0x00000007a6f00000,0x00000007ace80000)
  to   space 104960K, 0% used [0x00000007a0880000,0x00000007a0880000,0x00000007a6f00000)
 ParOldGen       total 442368K, used 220365K [0x00000006c4800000, 0x00000006df800000, 0x000000076c300000)
  object space 442368K, 49% used [0x00000006c4800000,0x00000006d1f335a0,0x00000006df800000)
 Metaspace       used 53751K, capacity 54096K, committed 54656K, reserved 1097728K
  class space    used 7091K, capacity 7197K, committed 7296K, reserved 1048576K
Event: 25.998 GC heap after
Heap after GC invocations=21 (full 4):
 PSYoungGen      total 962560K, used 63380K [0x000000076c300000, 0x00000007bf200000, 0x00000007c0000000)
  eden space 857600K, 0% used [0x000000076c300000,0x000000076c300000,0x00000007a0880000)
  from space 104960K, 60% used [0x00000007a0880000,0x00000007a46651f8,0x00000007a6f00000)
  to   space 105984K, 0% used [0x00000007b8a80000,0x00000007b8a80000,0x00000007bf200000)
 ParOldGen       total 442368K, used 220373K [0x00000006c4800000, 0x00000006df800000, 0x000000076c300000)
  object space 442368K, 49% used [0x00000006c4800000,0x00000006d1f355a0,0x00000006df800000)
 Metaspace       used 53751K, capacity 54096K, committed 54656K, reserved 1097728K
  class space    used 7091K, capacity 7197K, committed 7296K, reserved 1048576K
}
Event: 27.605 GC heap before
{Heap before GC invocations=22 (full 4):
 PSYoungGen      total 962560K, used 920980K [0x000000076c300000, 0x00000007bf200000, 0x00000007c0000000)
  eden space 857600K, 100% used [0x000000076c300000,0x00000007a0880000,0x00000007a0880000)
  from space 104960K, 60% used [0x00000007a0880000,0x00000007a46651f8,0x00000007a6f00000)
  to   space 105984K, 0% used [0x00000007b8a80000,0x00000007b8a80000,0x00000007bf200000)
 ParOldGen       total 442368K, used 220373K [0x00000006c4800000, 0x00000006df800000, 0x000000076c300000)
  object space 442368K, 49% used [0x00000006c4800000,0x00000006d1f355a0,0x00000006df800000)
 Metaspace       used 63351K, capacity 63842K, committed 64384K, reserved 1105920K
  class space    used 8409K, capacity 8570K, committed 8576K, reserved 1048576K
Event: 27.627 GC heap after
Heap after GC invocations=22 (full 4):
 PSYoungGen      total 1053184K, used 20442K [0x000000076c300000, 0x00000007b9e80000, 0x00000007c0000000)
  eden space 1032704K, 0% used [0x000000076c300000,0x000000076c300000,0x00000007ab380000)
  from space 20480K, 99% used [0x00000007b8a80000,0x00000007b9e768f8,0x00000007b9e80000)
  to   space 104448K, 0% used [0x00000007ad280000,0x00000007ad280000,0x00000007b3880000)
 ParOldGen       total 442368K, used 281761K [0x00000006c4800000, 0x00000006df800000, 0x000000076c300000)
  object space 442368K, 63% used [0x00000006c4800000,0x00000006d5b28648,0x00000006df800000)
 Metaspace       used 63351K, capacity 63842K, committed 64384K, reserved 1105920K
  class space    used 8409K, capacity 8570K, committed 8576K, reserved 1048576K
}

